2015-04-22 08:12:56.191 MobileTimeRecording[33531:1300307] DiskCookieStorage changing policy from 2 to 0, cookie file: file:///Users/matze/Library/Developer/CoreSimulator/Devices/8E787CD8-DA29-495E-8969-DF5FF8AF1BA2/data/Containers/Data/Application/ACCDC150-05B1-4D4B-875D-024DE8C2A041/Library/Cookies/Cookies.binarycookies
2015-04-22 08:12:56.519 MobileTimeRecording[33531:1300307] Apache Cordova native platform version 3.8.0 is starting.
2015-04-22 08:12:56.520 MobileTimeRecording[33531:1300307] Multi-tasking -> Device: YES, App: YES
2015-04-22 08:12:56.532 MobileTimeRecording[33531:1300307] Unlimited access to network resources
2015-04-22 08:12:56.539 MobileTimeRecording[33531:1300307] 

Started backup to iCloud! Please be careful.
Your application might be rejected by Apple if you store too much data.
For more information please read "iOS Data Storage Guidelines" at:
https://developer.apple.com/icloud/documentation/data-storage/
To disable web storage backup to iCloud, set the BackupWebStorage preference to "local" in the Cordova config.xml file

2015-04-22 08:12:57.320 MobileTimeRecording[33531:1300307] Resetting plugins due to page load.
2015-04-22 08:12:57.660 MobileTimeRecording[33531:1300307] Finished load of: file:///Users/matze/Library/Developer/CoreSimulator/Devices/8E787CD8-DA29-495E-8969-DF5FF8AF1BA2/data/Containers/Bundle/Application/A4147BC9-E37F-45C5-8DF1-832E9D6B05E3/MobileTimeRecording.app/www/index.html
2015-04-28 19:23:49.667 MobileTimeRecording[14641:528690] DiskCookieStorage changing policy from 2 to 0, cookie file: file:///Users/matze/Library/Developer/CoreSimulator/Devices/BEBAFA46-3E23-4469-B057-EC073A97F44C/data/Containers/Data/Application/7673EC3B-E8B4-4AF4-AB1D-25992FBAA5ED/Library/Cookies/Cookies.binarycookies
2015-04-28 19:23:50.034 MobileTimeRecording[14641:528690] Apache Cordova native platform version 3.8.0 is starting.
2015-04-28 19:23:50.034 MobileTimeRecording[14641:528690] Multi-tasking -> Device: YES, App: YES
2015-04-28 19:23:50.054 MobileTimeRecording[14641:528690] Unlimited access to network resources
2015-04-28 19:23:50.062 MobileTimeRecording[14641:528690] 

Started backup to iCloud! Please be careful.
Your application might be rejected by Apple if you store too much data.
For more information please read "iOS Data Storage Guidelines" at:
https://developer.apple.com/icloud/documentation/data-storage/
To disable web storage backup to iCloud, set the BackupWebStorage preference to "local" in the Cordova config.xml file

2015-04-28 19:23:50.689 MobileTimeRecording[14641:528690] Resetting plugins due to page load.
2015-04-28 19:23:50.876 MobileTimeRecording[14641:528690] Finished load of: file:///Users/matze/Library/Developer/CoreSimulator/Devices/BEBAFA46-3E23-4469-B057-EC073A97F44C/data/Containers/Bundle/Application/08181547-FF6D-42C8-9FB4-2405C70A0B79/MobileTimeRecording.app/www/index.html
2015-04-28 19:23:54.754 MobileTimeRecording[14641:528690] Resetting plugins due to page load.
2015-04-28 19:23:54.780 MobileTimeRecording[14641:528690] Finished load of: file:///Users/matze/Library/Developer/CoreSimulator/Devices/BEBAFA46-3E23-4469-B057-EC073A97F44C/data/Containers/Bundle/Application/08181547-FF6D-42C8-9FB4-2405C70A0B79/MobileTimeRecording.app/www/createProject.html
2015-04-28 19:25:24.695 MobileTimeRecording[14641:528690] Resetting plugins due to page load.
2015-04-28 19:25:24.761 MobileTimeRecording[14641:528690] Finished load of: file:///Users/matze/Library/Developer/CoreSimulator/Devices/BEBAFA46-3E23-4469-B057-EC073A97F44C/data/Containers/Bundle/Application/08181547-FF6D-42C8-9FB4-2405C70A0B79/MobileTimeRecording.app/www/index.html
2015-04-28 19:25:30.067 MobileTimeRecording[14641:528690] Resetting plugins due to page load.
2015-04-28 19:25:30.108 MobileTimeRecording[14641:528690] Finished load of: file:///Users/matze/Library/Developer/CoreSimulator/Devices/BEBAFA46-3E23-4469-B057-EC073A97F44C/data/Containers/Bundle/Application/08181547-FF6D-42C8-9FB4-2405C70A0B79/MobileTimeRecording.app/www/createProject.html
2015-04-28 19:27:06.801 MobileTimeRecording[14817:531255] DiskCookieStorage changing policy from 2 to 0, cookie file: file:///Users/matze/Library/Developer/CoreSimulator/Devices/BEBAFA46-3E23-4469-B057-EC073A97F44C/data/Containers/Data/Application/5A17E353-5D56-4805-9F1D-46F0169EEB1F/Library/Cookies/Cookies.binarycookies
2015-04-28 19:27:06.884 MobileTimeRecording[14817:531255] Apache Cordova native platform version 3.8.0 is starting.
2015-04-28 19:27:06.884 MobileTimeRecording[14817:531255] Multi-tasking -> Device: YES, App: YES
2015-04-28 19:27:06.886 MobileTimeRecording[14817:531255] Unlimited access to network resources
2015-04-28 19:27:06.888 MobileTimeRecording[14817:531255] 

Started backup to iCloud! Please be careful.
Your application might be rejected by Apple if you store too much data.
For more information please read "iOS Data Storage Guidelines" at:
https://developer.apple.com/icloud/documentation/data-storage/
To disable web storage backup to iCloud, set the BackupWebStorage preference to "local" in the Cordova config.xml file

2015-04-28 19:27:07.015 MobileTimeRecording[14817:531255] Resetting plugins due to page load.
2015-04-28 19:27:07.071 MobileTimeRecording[14817:531255] Finished load of: file:///Users/matze/Library/Developer/CoreSimulator/Devices/BEBAFA46-3E23-4469-B057-EC073A97F44C/data/Containers/Bundle/Application/5E576026-8B41-4F8E-8350-EDA478B1F566/MobileTimeRecording.app/www/index.html
2015-04-28 19:27:16.785 MobileTimeRecording[14817:531255] Resetting plugins due to page load.
2015-04-28 19:27:16.826 MobileTimeRecording[14817:531255] Finished load of: file:///Users/matze/Library/Developer/CoreSimulator/Devices/BEBAFA46-3E23-4469-B057-EC073A97F44C/data/Containers/Bundle/Application/5E576026-8B41-4F8E-8350-EDA478B1F566/MobileTimeRecording.app/www/createProject.html
2015-04-28 19:27:16.854 MobileTimeRecording[14817:531255] Initializing SQLitePlugin
2015-04-28 19:27:16.854 MobileTimeRecording[14817:531255] Detected docs path: /Users/matze/Library/Developer/CoreSimulator/Devices/BEBAFA46-3E23-4469-B057-EC073A97F44C/data/Containers/Data/Application/5A17E353-5D56-4805-9F1D-46F0169EEB1F/Documents
2015-04-28 19:27:16.854 MobileTimeRecording[14817:531255] Detected Library path: /Users/matze/Library/Developer/CoreSimulator/Devices/BEBAFA46-3E23-4469-B057-EC073A97F44C/data/Containers/Data/Application/5A17E353-5D56-4805-9F1D-46F0169EEB1F/Library
2015-04-28 19:27:16.854 MobileTimeRecording[14817:531255] no cloud sync at path: /Users/matze/Library/Developer/CoreSimulator/Devices/BEBAFA46-3E23-4469-B057-EC073A97F44C/data/Containers/Data/Application/5A17E353-5D56-4805-9F1D-46F0169EEB1F/Library/LocalDatabase
2015-04-28 19:27:16.855 MobileTimeRecording[14817:531255] open full db path: /Users/matze/Library/Developer/CoreSimulator/Devices/BEBAFA46-3E23-4469-B057-EC073A97F44C/data/Containers/Data/Application/5A17E353-5D56-4805-9F1D-46F0169EEB1F/Library/LocalDatabase/mtr.db
2015-04-28 19:27:16.863 MobileTimeRecording[14817:531255] Good news: SQLite is thread safe!
2015-04-28 19:27:16.865 MobileTimeRecording[14817:531255] THREAD WARNING: ['SQLitePlugin'] took '10.226074' ms. Plugin should use a background thread.
2015-04-28 19:29:22.446 MobileTimeRecording[14817:532757] Terminating since there is no system app.
2015-04-28 19:29:22.448 MobileTimeRecording[14817:532728] Communications error: <OS_xpc_error: <error: 0x2f0f5f4> { count = 1, contents =
	"XPCErrorDescription" => <string: 0x2f0f83c> { length = 22, contents = "Connection interrupted" }
}>
2015-04-28 19:29:37.411 MobileTimeRecording[15005:533732] DiskCookieStorage changing policy from 2 to 0, cookie file: file:///Users/matze/Library/Developer/CoreSimulator/Devices/BEBAFA46-3E23-4469-B057-EC073A97F44C/data/Containers/Data/Application/6EAE0102-4AD6-4BB6-AE53-8EC6B19E515A/Library/Cookies/Cookies.binarycookies
2015-04-28 19:29:37.486 MobileTimeRecording[15005:533732] Apache Cordova native platform version 3.8.0 is starting.
2015-04-28 19:29:37.486 MobileTimeRecording[15005:533732] Multi-tasking -> Device: YES, App: YES
2015-04-28 19:29:37.488 MobileTimeRecording[15005:533732] Unlimited access to network resources
2015-04-28 19:29:37.489 MobileTimeRecording[15005:533732] 

Started backup to iCloud! Please be careful.
Your application might be rejected by Apple if you store too much data.
For more information please read "iOS Data Storage Guidelines" at:
https://developer.apple.com/icloud/documentation/data-storage/
To disable web storage backup to iCloud, set the BackupWebStorage preference to "local" in the Cordova config.xml file

2015-04-28 19:29:37.591 MobileTimeRecording[15005:533732] Resetting plugins due to page load.
2015-04-28 19:29:37.654 MobileTimeRecording[15005:533732] Finished load of: file:///Users/matze/Library/Developer/CoreSimulator/Devices/BEBAFA46-3E23-4469-B057-EC073A97F44C/data/Containers/Bundle/Application/FE2AB39B-13E2-4228-9F6E-A0052E6E0714/MobileTimeRecording.app/www/index.html
2015-04-28 19:30:23.703 MobileTimeRecording[15005:533732] Resetting plugins due to page load.
2015-04-28 19:30:23.756 MobileTimeRecording[15005:533732] Finished load of: file:///Users/matze/Library/Developer/CoreSimulator/Devices/BEBAFA46-3E23-4469-B057-EC073A97F44C/data/Containers/Bundle/Application/FE2AB39B-13E2-4228-9F6E-A0052E6E0714/MobileTimeRecording.app/www/createProject.html
2015-04-28 19:30:23.778 MobileTimeRecording[15005:533732] Initializing SQLitePlugin
2015-04-28 19:30:23.779 MobileTimeRecording[15005:533732] Detected docs path: /Users/matze/Library/Developer/CoreSimulator/Devices/BEBAFA46-3E23-4469-B057-EC073A97F44C/data/Containers/Data/Application/6EAE0102-4AD6-4BB6-AE53-8EC6B19E515A/Documents
2015-04-28 19:30:23.779 MobileTimeRecording[15005:533732] Detected Library path: /Users/matze/Library/Developer/CoreSimulator/Devices/BEBAFA46-3E23-4469-B057-EC073A97F44C/data/Containers/Data/Application/6EAE0102-4AD6-4BB6-AE53-8EC6B19E515A/Library
2015-04-28 19:30:23.779 MobileTimeRecording[15005:533732] no cloud sync at path: /Users/matze/Library/Developer/CoreSimulator/Devices/BEBAFA46-3E23-4469-B057-EC073A97F44C/data/Containers/Data/Application/6EAE0102-4AD6-4BB6-AE53-8EC6B19E515A/Library/LocalDatabase
2015-04-28 19:30:23.779 MobileTimeRecording[15005:533732] open full db path: /Users/matze/Library/Developer/CoreSimulator/Devices/BEBAFA46-3E23-4469-B057-EC073A97F44C/data/Containers/Data/Application/6EAE0102-4AD6-4BB6-AE53-8EC6B19E515A/Library/LocalDatabase/mtr.db
2015-04-28 19:30:23.780 MobileTimeRecording[15005:533732] Good news: SQLite is thread safe!
2015-04-28 19:31:24.539 MobileTimeRecording[15005:533732] Resetting plugins due to page load.
2015-04-28 19:31:24.583 MobileTimeRecording[15005:533732] Finished load of: file:///Users/matze/Library/Developer/CoreSimulator/Devices/BEBAFA46-3E23-4469-B057-EC073A97F44C/data/Containers/Bundle/Application/FE2AB39B-13E2-4228-9F6E-A0052E6E0714/MobileTimeRecording.app/www/index.html
2015-04-28 19:31:25.819 MobileTimeRecording[15005:534860] Terminating since there is no system app.
2015-04-28 19:32:19.589 MobileTimeRecording[15212:536263] DiskCookieStorage changing policy from 2 to 0, cookie file: file:///Users/matze/Library/Developer/CoreSimulator/Devices/BEBAFA46-3E23-4469-B057-EC073A97F44C/data/Containers/Data/Application/2E32C380-C89A-4414-84CA-BDDBC6086DFF/Library/Cookies/Cookies.binarycookies
2015-04-28 19:32:19.694 MobileTimeRecording[15212:536263] Apache Cordova native platform version 3.8.0 is starting.
2015-04-28 19:32:19.695 MobileTimeRecording[15212:536263] Multi-tasking -> Device: YES, App: YES
2015-04-28 19:32:19.698 MobileTimeRecording[15212:536263] Unlimited access to network resources
2015-04-28 19:32:19.699 MobileTimeRecording[15212:536263] 

Started backup to iCloud! Please be careful.
Your application might be rejected by Apple if you store too much data.
For more information please read "iOS Data Storage Guidelines" at:
https://developer.apple.com/icloud/documentation/data-storage/
To disable web storage backup to iCloud, set the BackupWebStorage preference to "local" in the Cordova config.xml file

2015-04-28 19:32:19.806 MobileTimeRecording[15212:536263] Resetting plugins due to page load.
2015-04-28 19:32:19.880 MobileTimeRecording[15212:536263] Finished load of: file:///Users/matze/Library/Developer/CoreSimulator/Devices/BEBAFA46-3E23-4469-B057-EC073A97F44C/data/Containers/Bundle/Application/A417F576-A9B9-42FF-BCE4-FB16B2DE2AF3/MobileTimeRecording.app/www/index.html
2015-04-28 19:32:29.898 MobileTimeRecording[15212:536263] Resetting plugins due to page load.
2015-04-28 19:32:29.943 MobileTimeRecording[15212:536263] Finished load of: file:///Users/matze/Library/Developer/CoreSimulator/Devices/BEBAFA46-3E23-4469-B057-EC073A97F44C/data/Containers/Bundle/Application/A417F576-A9B9-42FF-BCE4-FB16B2DE2AF3/MobileTimeRecording.app/www/createProject.html
2015-04-28 19:32:29.963 MobileTimeRecording[15212:536263] Initializing SQLitePlugin
2015-04-28 19:32:29.963 MobileTimeRecording[15212:536263] Detected docs path: /Users/matze/Library/Developer/CoreSimulator/Devices/BEBAFA46-3E23-4469-B057-EC073A97F44C/data/Containers/Data/Application/2E32C380-C89A-4414-84CA-BDDBC6086DFF/Documents
2015-04-28 19:32:29.963 MobileTimeRecording[15212:536263] Detected Library path: /Users/matze/Library/Developer/CoreSimulator/Devices/BEBAFA46-3E23-4469-B057-EC073A97F44C/data/Containers/Data/Application/2E32C380-C89A-4414-84CA-BDDBC6086DFF/Library
2015-04-28 19:32:29.963 MobileTimeRecording[15212:536263] no cloud sync at path: /Users/matze/Library/Developer/CoreSimulator/Devices/BEBAFA46-3E23-4469-B057-EC073A97F44C/data/Containers/Data/Application/2E32C380-C89A-4414-84CA-BDDBC6086DFF/Library/LocalDatabase
2015-04-28 19:32:29.963 MobileTimeRecording[15212:536263] open full db path: /Users/matze/Library/Developer/CoreSimulator/Devices/BEBAFA46-3E23-4469-B057-EC073A97F44C/data/Containers/Data/Application/2E32C380-C89A-4414-84CA-BDDBC6086DFF/Library/LocalDatabase/mtr.db
2015-04-28 19:32:29.964 MobileTimeRecording[15212:536263] Good news: SQLite is thread safe!
2015-04-28 19:34:38.771 MobileTimeRecording[15212:536263] Resetting plugins due to page load.
2015-04-28 19:34:38.812 MobileTimeRecording[15212:536263] Finished load of: file:///Users/matze/Library/Developer/CoreSimulator/Devices/BEBAFA46-3E23-4469-B057-EC073A97F44C/data/Containers/Bundle/Application/A417F576-A9B9-42FF-BCE4-FB16B2DE2AF3/MobileTimeRecording.app/www/index.html
2015-04-28 19:35:06.977 MobileTimeRecording[15212:537852] Terminating since there is no system app.
2015-04-28 19:35:40.364 MobileTimeRecording[15391:538823] DiskCookieStorage changing policy from 2 to 0, cookie file: file:///Users/matze/Library/Developer/CoreSimulator/Devices/BEBAFA46-3E23-4469-B057-EC073A97F44C/data/Containers/Data/Application/73290FEB-14D5-4047-86E4-B62CFDB942EE/Library/Cookies/Cookies.binarycookies
2015-04-28 19:35:40.439 MobileTimeRecording[15391:538823] Apache Cordova native platform version 3.8.0 is starting.
2015-04-28 19:35:40.439 MobileTimeRecording[15391:538823] Multi-tasking -> Device: YES, App: YES
2015-04-28 19:35:40.441 MobileTimeRecording[15391:538823] Unlimited access to network resources
2015-04-28 19:35:40.442 MobileTimeRecording[15391:538823] 

Started backup to iCloud! Please be careful.
Your application might be rejected by Apple if you store too much data.
For more information please read "iOS Data Storage Guidelines" at:
https://developer.apple.com/icloud/documentation/data-storage/
To disable web storage backup to iCloud, set the BackupWebStorage preference to "local" in the Cordova config.xml file

2015-04-28 19:35:40.545 MobileTimeRecording[15391:538823] Resetting plugins due to page load.
2015-04-28 19:35:40.610 MobileTimeRecording[15391:538823] Finished load of: file:///Users/matze/Library/Developer/CoreSimulator/Devices/BEBAFA46-3E23-4469-B057-EC073A97F44C/data/Containers/Bundle/Application/2FD952FE-2C5E-4025-B6EC-148F3922CE27/MobileTimeRecording.app/www/index.html
2015-04-28 19:35:46.112 MobileTimeRecording[15391:538823] Resetting plugins due to page load.
2015-04-28 19:35:46.129 MobileTimeRecording[15391:538823] Finished load of: file:///Users/matze/Library/Developer/CoreSimulator/Devices/BEBAFA46-3E23-4469-B057-EC073A97F44C/data/Containers/Bundle/Application/2FD952FE-2C5E-4025-B6EC-148F3922CE27/MobileTimeRecording.app/www/createProject.html
2015-04-28 19:35:46.139 MobileTimeRecording[15391:538823] Initializing SQLitePlugin
2015-04-28 19:35:46.139 MobileTimeRecording[15391:538823] Detected docs path: /Users/matze/Library/Developer/CoreSimulator/Devices/BEBAFA46-3E23-4469-B057-EC073A97F44C/data/Containers/Data/Application/73290FEB-14D5-4047-86E4-B62CFDB942EE/Documents
2015-04-28 19:35:46.140 MobileTimeRecording[15391:538823] Detected Library path: /Users/matze/Library/Developer/CoreSimulator/Devices/BEBAFA46-3E23-4469-B057-EC073A97F44C/data/Containers/Data/Application/73290FEB-14D5-4047-86E4-B62CFDB942EE/Library
2015-04-28 19:35:46.140 MobileTimeRecording[15391:538823] no cloud sync at path: /Users/matze/Library/Developer/CoreSimulator/Devices/BEBAFA46-3E23-4469-B057-EC073A97F44C/data/Containers/Data/Application/73290FEB-14D5-4047-86E4-B62CFDB942EE/Library/LocalDatabase
2015-04-28 19:35:46.140 MobileTimeRecording[15391:538823] open full db path: /Users/matze/Library/Developer/CoreSimulator/Devices/BEBAFA46-3E23-4469-B057-EC073A97F44C/data/Containers/Data/Application/73290FEB-14D5-4047-86E4-B62CFDB942EE/Library/LocalDatabase/mtr.db
2015-04-28 19:35:46.141 MobileTimeRecording[15391:538823] Good news: SQLite is thread safe!
2015-04-28 19:35:55.790 MobileTimeRecording[15391:538823] Resetting plugins due to page load.
2015-04-28 19:35:55.827 MobileTimeRecording[15391:538823] Finished load of: file:///Users/matze/Library/Developer/CoreSimulator/Devices/BEBAFA46-3E23-4469-B057-EC073A97F44C/data/Containers/Bundle/Application/2FD952FE-2C5E-4025-B6EC-148F3922CE27/MobileTimeRecording.app/www/index.html
2015-04-28 19:35:57.058 MobileTimeRecording[15391:538823] Resetting plugins due to page load.
2015-04-28 19:35:57.095 MobileTimeRecording[15391:538823] Finished load of: file:///Users/matze/Library/Developer/CoreSimulator/Devices/BEBAFA46-3E23-4469-B057-EC073A97F44C/data/Containers/Bundle/Application/2FD952FE-2C5E-4025-B6EC-148F3922CE27/MobileTimeRecording.app/www/createProject.html
2015-04-28 19:35:57.118 MobileTimeRecording[15391:538823] Reusing existing database connection for db name mtr.db
2015-04-28 19:35:57.118 MobileTimeRecording[15391:538823] Good news: SQLite is thread safe!
2015-04-28 19:36:50.906 MobileTimeRecording[15391:538823] Resetting plugins due to page load.
2015-04-28 19:36:50.946 MobileTimeRecording[15391:538823] Finished load of: file:///Users/matze/Library/Developer/CoreSimulator/Devices/BEBAFA46-3E23-4469-B057-EC073A97F44C/data/Containers/Bundle/Application/2FD952FE-2C5E-4025-B6EC-148F3922CE27/MobileTimeRecording.app/www/index.html
2015-04-28 19:36:52.178 MobileTimeRecording[15391:539710] Terminating since there is no system app.
2015-04-28 19:37:02.988 MobileTimeRecording[15569:540618] DiskCookieStorage changing policy from 2 to 0, cookie file: file:///Users/matze/Library/Developer/CoreSimulator/Devices/BEBAFA46-3E23-4469-B057-EC073A97F44C/data/Containers/Data/Application/2F0849A4-8783-474D-8292-76EC3C898D5D/Library/Cookies/Cookies.binarycookies
2015-04-28 19:37:03.083 MobileTimeRecording[15569:540618] Apache Cordova native platform version 3.8.0 is starting.
2015-04-28 19:37:03.083 MobileTimeRecording[15569:540618] Multi-tasking -> Device: YES, App: YES
2015-04-28 19:37:03.084 MobileTimeRecording[15569:540618] Unlimited access to network resources
2015-04-28 19:37:03.086 MobileTimeRecording[15569:540618] 

Started backup to iCloud! Please be careful.
Your application might be rejected by Apple if you store too much data.
For more information please read "iOS Data Storage Guidelines" at:
https://developer.apple.com/icloud/documentation/data-storage/
To disable web storage backup to iCloud, set the BackupWebStorage preference to "local" in the Cordova config.xml file

2015-04-28 19:37:03.211 MobileTimeRecording[15569:540618] Resetting plugins due to page load.
2015-04-28 19:37:03.278 MobileTimeRecording[15569:540618] Finished load of: file:///Users/matze/Library/Developer/CoreSimulator/Devices/BEBAFA46-3E23-4469-B057-EC073A97F44C/data/Containers/Bundle/Application/BBF73F77-529B-48EA-AAF8-E9F2FAE746AD/MobileTimeRecording.app/www/index.html
2015-04-28 19:37:12.700 MobileTimeRecording[15569:540618] Resetting plugins due to page load.
2015-04-28 19:37:12.744 MobileTimeRecording[15569:540618] Finished load of: file:///Users/matze/Library/Developer/CoreSimulator/Devices/BEBAFA46-3E23-4469-B057-EC073A97F44C/data/Containers/Bundle/Application/BBF73F77-529B-48EA-AAF8-E9F2FAE746AD/MobileTimeRecording.app/www/createProject.html
2015-04-28 19:37:12.763 MobileTimeRecording[15569:540618] Initializing SQLitePlugin
2015-04-28 19:37:12.764 MobileTimeRecording[15569:540618] Detected docs path: /Users/matze/Library/Developer/CoreSimulator/Devices/BEBAFA46-3E23-4469-B057-EC073A97F44C/data/Containers/Data/Application/2F0849A4-8783-474D-8292-76EC3C898D5D/Documents
2015-04-28 19:37:12.764 MobileTimeRecording[15569:540618] Detected Library path: /Users/matze/Library/Developer/CoreSimulator/Devices/BEBAFA46-3E23-4469-B057-EC073A97F44C/data/Containers/Data/Application/2F0849A4-8783-474D-8292-76EC3C898D5D/Library
2015-04-28 19:37:12.764 MobileTimeRecording[15569:540618] no cloud sync at path: /Users/matze/Library/Developer/CoreSimulator/Devices/BEBAFA46-3E23-4469-B057-EC073A97F44C/data/Containers/Data/Application/2F0849A4-8783-474D-8292-76EC3C898D5D/Library/LocalDatabase
2015-04-28 19:37:12.764 MobileTimeRecording[15569:540618] open full db path: /Users/matze/Library/Developer/CoreSimulator/Devices/BEBAFA46-3E23-4469-B057-EC073A97F44C/data/Containers/Data/Application/2F0849A4-8783-474D-8292-76EC3C898D5D/Library/LocalDatabase/mtr.db
2015-04-28 19:37:12.765 MobileTimeRecording[15569:540618] Good news: SQLite is thread safe!
2015-04-28 19:39:51.171 MobileTimeRecording[15569:540618] Resetting plugins due to page load.
2015-04-28 19:39:51.219 MobileTimeRecording[15569:540618] Finished load of: file:///Users/matze/Library/Developer/CoreSimulator/Devices/BEBAFA46-3E23-4469-B057-EC073A97F44C/data/Containers/Bundle/Application/BBF73F77-529B-48EA-AAF8-E9F2FAE746AD/MobileTimeRecording.app/www/index.html
2015-04-28 19:41:00.044 MobileTimeRecording[15769:543302] DiskCookieStorage changing policy from 2 to 0, cookie file: file:///Users/matze/Library/Developer/CoreSimulator/Devices/BEBAFA46-3E23-4469-B057-EC073A97F44C/data/Containers/Data/Application/A869AF8C-55E5-41D6-BD72-DB2CA79A9034/Library/Cookies/Cookies.binarycookies
2015-04-28 19:41:00.137 MobileTimeRecording[15769:543302] Apache Cordova native platform version 3.8.0 is starting.
2015-04-28 19:41:00.137 MobileTimeRecording[15769:543302] Multi-tasking -> Device: YES, App: YES
2015-04-28 19:41:00.138 MobileTimeRecording[15769:543302] Unlimited access to network resources
2015-04-28 19:41:00.140 MobileTimeRecording[15769:543302] 

Started backup to iCloud! Please be careful.
Your application might be rejected by Apple if you store too much data.
For more information please read "iOS Data Storage Guidelines" at:
https://developer.apple.com/icloud/documentation/data-storage/
To disable web storage backup to iCloud, set the BackupWebStorage preference to "local" in the Cordova config.xml file

2015-04-28 19:41:00.231 MobileTimeRecording[15769:543302] Resetting plugins due to page load.
2015-04-28 19:41:00.299 MobileTimeRecording[15769:543302] Finished load of: file:///Users/matze/Library/Developer/CoreSimulator/Devices/BEBAFA46-3E23-4469-B057-EC073A97F44C/data/Containers/Bundle/Application/23A50068-1F5E-404E-9EB1-84D1E52F64F5/MobileTimeRecording.app/www/index.html
2015-04-28 19:41:08.096 MobileTimeRecording[15769:543302] Resetting plugins due to page load.
2015-04-28 19:41:08.153 MobileTimeRecording[15769:543302] Finished load of: file:///Users/matze/Library/Developer/CoreSimulator/Devices/BEBAFA46-3E23-4469-B057-EC073A97F44C/data/Containers/Bundle/Application/23A50068-1F5E-404E-9EB1-84D1E52F64F5/MobileTimeRecording.app/www/createProject.html
2015-04-28 19:41:08.175 MobileTimeRecording[15769:543302] Initializing SQLitePlugin
2015-04-28 19:41:08.175 MobileTimeRecording[15769:543302] Detected docs path: /Users/matze/Library/Developer/CoreSimulator/Devices/BEBAFA46-3E23-4469-B057-EC073A97F44C/data/Containers/Data/Application/A869AF8C-55E5-41D6-BD72-DB2CA79A9034/Documents
2015-04-28 19:41:08.175 MobileTimeRecording[15769:543302] Detected Library path: /Users/matze/Library/Developer/CoreSimulator/Devices/BEBAFA46-3E23-4469-B057-EC073A97F44C/data/Containers/Data/Application/A869AF8C-55E5-41D6-BD72-DB2CA79A9034/Library
2015-04-28 19:41:08.176 MobileTimeRecording[15769:543302] no cloud sync at path: /Users/matze/Library/Developer/CoreSimulator/Devices/BEBAFA46-3E23-4469-B057-EC073A97F44C/data/Containers/Data/Application/A869AF8C-55E5-41D6-BD72-DB2CA79A9034/Library/LocalDatabase
2015-04-28 19:41:08.176 MobileTimeRecording[15769:543302] open full db path: /Users/matze/Library/Developer/CoreSimulator/Devices/BEBAFA46-3E23-4469-B057-EC073A97F44C/data/Containers/Data/Application/A869AF8C-55E5-41D6-BD72-DB2CA79A9034/Library/LocalDatabase/mtr.db
2015-04-28 19:41:08.176 MobileTimeRecording[15769:543302] Good news: SQLite is thread safe!
2015-04-28 19:42:44.981 MobileTimeRecording[15769:544452] Terminating since there is no system app.
2015-04-28 19:42:54.358 MobileTimeRecording[15956:545317] DiskCookieStorage changing policy from 2 to 0, cookie file: file:///Users/matze/Library/Developer/CoreSimulator/Devices/BEBAFA46-3E23-4469-B057-EC073A97F44C/data/Containers/Data/Application/30A8302B-0F6F-40CB-BB81-03F1B402830F/Library/Cookies/Cookies.binarycookies
2015-04-28 19:42:54.433 MobileTimeRecording[15956:545317] Apache Cordova native platform version 3.8.0 is starting.
2015-04-28 19:42:54.433 MobileTimeRecording[15956:545317] Multi-tasking -> Device: YES, App: YES
2015-04-28 19:42:54.434 MobileTimeRecording[15956:545317] Unlimited access to network resources
2015-04-28 19:42:54.436 MobileTimeRecording[15956:545317] 

Started backup to iCloud! Please be careful.
Your application might be rejected by Apple if you store too much data.
For more information please read "iOS Data Storage Guidelines" at:
https://developer.apple.com/icloud/documentation/data-storage/
To disable web storage backup to iCloud, set the BackupWebStorage preference to "local" in the Cordova config.xml file

2015-04-28 19:42:54.537 MobileTimeRecording[15956:545317] Resetting plugins due to page load.
2015-04-28 19:42:54.593 MobileTimeRecording[15956:545317] Finished load of: file:///Users/matze/Library/Developer/CoreSimulator/Devices/BEBAFA46-3E23-4469-B057-EC073A97F44C/data/Containers/Bundle/Application/A865BB39-1AE9-4B0B-97A0-AC388EA6DACE/MobileTimeRecording.app/www/index.html
2015-04-28 19:42:56.915 MobileTimeRecording[15956:545317] Resetting plugins due to page load.
2015-04-28 19:42:56.932 MobileTimeRecording[15956:545317] Finished load of: file:///Users/matze/Library/Developer/CoreSimulator/Devices/BEBAFA46-3E23-4469-B057-EC073A97F44C/data/Containers/Bundle/Application/A865BB39-1AE9-4B0B-97A0-AC388EA6DACE/MobileTimeRecording.app/www/createProject.html
2015-04-28 19:42:56.942 MobileTimeRecording[15956:545317] Initializing SQLitePlugin
2015-04-28 19:42:56.943 MobileTimeRecording[15956:545317] Detected docs path: /Users/matze/Library/Developer/CoreSimulator/Devices/BEBAFA46-3E23-4469-B057-EC073A97F44C/data/Containers/Data/Application/30A8302B-0F6F-40CB-BB81-03F1B402830F/Documents
2015-04-28 19:42:56.943 MobileTimeRecording[15956:545317] Detected Library path: /Users/matze/Library/Developer/CoreSimulator/Devices/BEBAFA46-3E23-4469-B057-EC073A97F44C/data/Containers/Data/Application/30A8302B-0F6F-40CB-BB81-03F1B402830F/Library
2015-04-28 19:42:56.943 MobileTimeRecording[15956:545317] no cloud sync at path: /Users/matze/Library/Developer/CoreSimulator/Devices/BEBAFA46-3E23-4469-B057-EC073A97F44C/data/Containers/Data/Application/30A8302B-0F6F-40CB-BB81-03F1B402830F/Library/LocalDatabase
2015-04-28 19:42:56.943 MobileTimeRecording[15956:545317] open full db path: /Users/matze/Library/Developer/CoreSimulator/Devices/BEBAFA46-3E23-4469-B057-EC073A97F44C/data/Containers/Data/Application/30A8302B-0F6F-40CB-BB81-03F1B402830F/Library/LocalDatabase/mtr.db
2015-04-28 19:42:56.944 MobileTimeRecording[15956:545317] Good news: SQLite is thread safe!
2015-04-28 19:43:03.419 MobileTimeRecording[15956:545317] Resetting plugins due to page load.
2015-04-28 19:43:03.470 MobileTimeRecording[15956:545317] Finished load of: file:///Users/matze/Library/Developer/CoreSimulator/Devices/BEBAFA46-3E23-4469-B057-EC073A97F44C/data/Containers/Bundle/Application/A865BB39-1AE9-4B0B-97A0-AC388EA6DACE/MobileTimeRecording.app/www/index.html
2015-04-28 19:43:04.703 MobileTimeRecording[15956:545317] Resetting plugins due to page load.
2015-04-28 19:43:04.742 MobileTimeRecording[15956:545317] Finished load of: file:///Users/matze/Library/Developer/CoreSimulator/Devices/BEBAFA46-3E23-4469-B057-EC073A97F44C/data/Containers/Bundle/Application/A865BB39-1AE9-4B0B-97A0-AC388EA6DACE/MobileTimeRecording.app/www/createProject.html
2015-04-28 19:43:04.760 MobileTimeRecording[15956:545317] Reusing existing database connection for db name mtr.db
2015-04-28 19:43:04.760 MobileTimeRecording[15956:545317] Good news: SQLite is thread safe!
2015-04-28 19:45:51.034 MobileTimeRecording[16159:547679] DiskCookieStorage changing policy from 2 to 0, cookie file: file:///Users/matze/Library/Developer/CoreSimulator/Devices/BEBAFA46-3E23-4469-B057-EC073A97F44C/data/Containers/Data/Application/73296020-F889-408D-99C2-EE36704B6104/Library/Cookies/Cookies.binarycookies
2015-04-28 19:45:51.110 MobileTimeRecording[16159:547679] Apache Cordova native platform version 3.8.0 is starting.
2015-04-28 19:45:51.111 MobileTimeRecording[16159:547679] Multi-tasking -> Device: YES, App: YES
2015-04-28 19:45:51.113 MobileTimeRecording[16159:547679] Unlimited access to network resources
2015-04-28 19:45:51.115 MobileTimeRecording[16159:547679] 

Started backup to iCloud! Please be careful.
Your application might be rejected by Apple if you store too much data.
For more information please read "iOS Data Storage Guidelines" at:
https://developer.apple.com/icloud/documentation/data-storage/
To disable web storage backup to iCloud, set the BackupWebStorage preference to "local" in the Cordova config.xml file

2015-04-28 19:45:51.221 MobileTimeRecording[16159:547679] Resetting plugins due to page load.
2015-04-28 19:45:51.292 MobileTimeRecording[16159:547679] Finished load of: file:///Users/matze/Library/Developer/CoreSimulator/Devices/BEBAFA46-3E23-4469-B057-EC073A97F44C/data/Containers/Bundle/Application/67D8C6A7-9573-4769-8314-54F798DA1695/MobileTimeRecording.app/www/index.html
2015-04-28 19:46:01.621 MobileTimeRecording[16159:547679] Resetting plugins due to page load.
2015-04-28 19:46:01.665 MobileTimeRecording[16159:547679] Finished load of: file:///Users/matze/Library/Developer/CoreSimulator/Devices/BEBAFA46-3E23-4469-B057-EC073A97F44C/data/Containers/Bundle/Application/67D8C6A7-9573-4769-8314-54F798DA1695/MobileTimeRecording.app/www/createProject.html
2015-04-28 19:46:01.687 MobileTimeRecording[16159:547679] Initializing SQLitePlugin
2015-04-28 19:46:01.687 MobileTimeRecording[16159:547679] Detected docs path: /Users/matze/Library/Developer/CoreSimulator/Devices/BEBAFA46-3E23-4469-B057-EC073A97F44C/data/Containers/Data/Application/73296020-F889-408D-99C2-EE36704B6104/Documents
2015-04-28 19:46:01.687 MobileTimeRecording[16159:547679] Detected Library path: /Users/matze/Library/Developer/CoreSimulator/Devices/BEBAFA46-3E23-4469-B057-EC073A97F44C/data/Containers/Data/Application/73296020-F889-408D-99C2-EE36704B6104/Library
2015-04-28 19:46:01.687 MobileTimeRecording[16159:547679] no cloud sync at path: /Users/matze/Library/Developer/CoreSimulator/Devices/BEBAFA46-3E23-4469-B057-EC073A97F44C/data/Containers/Data/Application/73296020-F889-408D-99C2-EE36704B6104/Library/LocalDatabase
2015-04-28 19:46:01.687 MobileTimeRecording[16159:547679] open full db path: /Users/matze/Library/Developer/CoreSimulator/Devices/BEBAFA46-3E23-4469-B057-EC073A97F44C/data/Containers/Data/Application/73296020-F889-408D-99C2-EE36704B6104/Library/LocalDatabase/mtr.db
2015-04-28 19:46:01.688 MobileTimeRecording[16159:547679] Good news: SQLite is thread safe!
2015-04-28 19:46:11.122 MobileTimeRecording[16159:547679] Resetting plugins due to page load.
2015-04-28 19:46:11.210 MobileTimeRecording[16159:547679] Finished load of: file:///Users/matze/Library/Developer/CoreSimulator/Devices/BEBAFA46-3E23-4469-B057-EC073A97F44C/data/Containers/Bundle/Application/67D8C6A7-9573-4769-8314-54F798DA1695/MobileTimeRecording.app/www/index.html
2015-04-28 19:46:32.774 MobileTimeRecording[16159:548194] Communications error: <OS_xpc_error: <error: 0x2e315f4> { count = 1, contents =
	"XPCErrorDescription" => <string: 0x2e3183c> { length = 22, contents = "Connection interrupted" }
}>
2015-04-28 19:46:32.776 MobileTimeRecording[16159:548237] Terminating since there is no system app.
2015-04-28 22:09:41.095 MobileTimeRecording[16756:588499] DiskCookieStorage changing policy from 2 to 0, cookie file: file:///Users/matze/Library/Developer/CoreSimulator/Devices/BEBAFA46-3E23-4469-B057-EC073A97F44C/data/Containers/Data/Application/E9820591-1E68-4D48-851C-BF9F0A28501B/Library/Cookies/Cookies.binarycookies
2015-04-28 22:09:41.470 MobileTimeRecording[16756:588499] Apache Cordova native platform version 3.8.0 is starting.
2015-04-28 22:09:41.471 MobileTimeRecording[16756:588499] Multi-tasking -> Device: YES, App: YES
2015-04-28 22:09:41.491 MobileTimeRecording[16756:588499] Unlimited access to network resources
2015-04-28 22:09:41.498 MobileTimeRecording[16756:588499] 

Started backup to iCloud! Please be careful.
Your application might be rejected by Apple if you store too much data.
For more information please read "iOS Data Storage Guidelines" at:
https://developer.apple.com/icloud/documentation/data-storage/
To disable web storage backup to iCloud, set the BackupWebStorage preference to "local" in the Cordova config.xml file

2015-04-28 22:09:42.042 MobileTimeRecording[16756:588499] Resetting plugins due to page load.
2015-04-28 22:09:42.203 MobileTimeRecording[16756:588499] Finished load of: file:///Users/matze/Library/Developer/CoreSimulator/Devices/BEBAFA46-3E23-4469-B057-EC073A97F44C/data/Containers/Bundle/Application/EC2DDB22-087D-4E10-9E5D-4FB2BB34AFCE/MobileTimeRecording.app/www/index.html
2015-04-28 22:09:42.226 MobileTimeRecording[16756:588499] Initializing SQLitePlugin
2015-04-28 22:09:42.226 MobileTimeRecording[16756:588499] Detected docs path: /Users/matze/Library/Developer/CoreSimulator/Devices/BEBAFA46-3E23-4469-B057-EC073A97F44C/data/Containers/Data/Application/E9820591-1E68-4D48-851C-BF9F0A28501B/Documents
2015-04-28 22:09:42.227 MobileTimeRecording[16756:588499] Detected Library path: /Users/matze/Library/Developer/CoreSimulator/Devices/BEBAFA46-3E23-4469-B057-EC073A97F44C/data/Containers/Data/Application/E9820591-1E68-4D48-851C-BF9F0A28501B/Library
2015-04-28 22:09:42.227 MobileTimeRecording[16756:588499] no cloud sync at path: /Users/matze/Library/Developer/CoreSimulator/Devices/BEBAFA46-3E23-4469-B057-EC073A97F44C/data/Containers/Data/Application/E9820591-1E68-4D48-851C-BF9F0A28501B/Library/LocalDatabase
2015-04-28 22:09:42.227 MobileTimeRecording[16756:588499] open full db path: /Users/matze/Library/Developer/CoreSimulator/Devices/BEBAFA46-3E23-4469-B057-EC073A97F44C/data/Containers/Data/Application/E9820591-1E68-4D48-851C-BF9F0A28501B/Library/LocalDatabase/mtr.db
2015-04-28 22:09:42.237 MobileTimeRecording[16756:588499] Good news: SQLite is thread safe!
2015-04-28 22:09:42.238 MobileTimeRecording[16756:588499] THREAD WARNING: ['SQLitePlugin'] took '10.678955' ms. Plugin should use a background thread.
2015-04-28 22:10:05.930 MobileTimeRecording[16756:588499] Resetting plugins due to page load.
2015-04-28 22:10:05.976 MobileTimeRecording[16756:588499] Finished load of: file:///Users/matze/Library/Developer/CoreSimulator/Devices/BEBAFA46-3E23-4469-B057-EC073A97F44C/data/Containers/Bundle/Application/EC2DDB22-087D-4E10-9E5D-4FB2BB34AFCE/MobileTimeRecording.app/www/createProject.html
2015-04-28 22:10:06.007 MobileTimeRecording[16756:588499] Reusing existing database connection for db name mtr.db
2015-04-28 22:10:06.007 MobileTimeRecording[16756:588499] Good news: SQLite is thread safe!
2015-04-28 22:10:17.374 MobileTimeRecording[16756:588499] Resetting plugins due to page load.
2015-04-28 22:10:17.483 MobileTimeRecording[16756:588499] Finished load of: file:///Users/matze/Library/Developer/CoreSimulator/Devices/BEBAFA46-3E23-4469-B057-EC073A97F44C/data/Containers/Bundle/Application/EC2DDB22-087D-4E10-9E5D-4FB2BB34AFCE/MobileTimeRecording.app/www/index.html
2015-04-28 22:10:17.504 MobileTimeRecording[16756:588499] Reusing existing database connection for db name mtr.db
2015-04-28 22:10:17.504 MobileTimeRecording[16756:588499] Good news: SQLite is thread safe!
2015-04-28 22:13:08.255 MobileTimeRecording[16756:588499] Resetting plugins due to page load.
2015-04-28 22:13:08.312 MobileTimeRecording[16756:588499] Finished load of: file:///Users/matze/Library/Developer/CoreSimulator/Devices/BEBAFA46-3E23-4469-B057-EC073A97F44C/data/Containers/Bundle/Application/EC2DDB22-087D-4E10-9E5D-4FB2BB34AFCE/MobileTimeRecording.app/www/createProject.html
2015-04-28 22:13:08.335 MobileTimeRecording[16756:588499] Reusing existing database connection for db name mtr.db
2015-04-28 22:13:08.336 MobileTimeRecording[16756:588499] Good news: SQLite is thread safe!
2015-04-28 22:13:32.380 MobileTimeRecording[16756:588499] Resetting plugins due to page load.
2015-04-28 22:13:32.486 MobileTimeRecording[16756:588499] Finished load of: file:///Users/matze/Library/Developer/CoreSimulator/Devices/BEBAFA46-3E23-4469-B057-EC073A97F44C/data/Containers/Bundle/Application/EC2DDB22-087D-4E10-9E5D-4FB2BB34AFCE/MobileTimeRecording.app/www/index.html
2015-04-28 22:13:32.506 MobileTimeRecording[16756:588499] Reusing existing database connection for db name mtr.db
2015-04-28 22:13:32.506 MobileTimeRecording[16756:588499] Good news: SQLite is thread safe!
2015-04-28 22:13:40.899 MobileTimeRecording[16756:590074] Terminating since there is no system app.
2015-04-28 22:13:51.389 MobileTimeRecording[16935:590931] DiskCookieStorage changing policy from 2 to 0, cookie file: file:///Users/matze/Library/Developer/CoreSimulator/Devices/BEBAFA46-3E23-4469-B057-EC073A97F44C/data/Containers/Data/Application/602B5E27-2F60-4E68-BB1E-30EF59471289/Library/Cookies/Cookies.binarycookies
2015-04-28 22:13:51.508 MobileTimeRecording[16935:590931] Apache Cordova native platform version 3.8.0 is starting.
2015-04-28 22:13:51.508 MobileTimeRecording[16935:590931] Multi-tasking -> Device: YES, App: YES
2015-04-28 22:13:51.510 MobileTimeRecording[16935:590931] Unlimited access to network resources
2015-04-28 22:13:51.512 MobileTimeRecording[16935:590931] 

Started backup to iCloud! Please be careful.
Your application might be rejected by Apple if you store too much data.
For more information please read "iOS Data Storage Guidelines" at:
https://developer.apple.com/icloud/documentation/data-storage/
To disable web storage backup to iCloud, set the BackupWebStorage preference to "local" in the Cordova config.xml file

2015-04-28 22:13:51.619 MobileTimeRecording[16935:590931] Resetting plugins due to page load.
2015-04-28 22:13:51.698 MobileTimeRecording[16935:590931] Finished load of: file:///Users/matze/Library/Developer/CoreSimulator/Devices/BEBAFA46-3E23-4469-B057-EC073A97F44C/data/Containers/Bundle/Application/9972CD3A-EB3C-4A80-BE8D-BCC5F627827D/MobileTimeRecording.app/www/index.html
2015-04-28 22:13:51.714 MobileTimeRecording[16935:590931] Initializing SQLitePlugin
2015-04-28 22:13:51.715 MobileTimeRecording[16935:590931] Detected docs path: /Users/matze/Library/Developer/CoreSimulator/Devices/BEBAFA46-3E23-4469-B057-EC073A97F44C/data/Containers/Data/Application/602B5E27-2F60-4E68-BB1E-30EF59471289/Documents
2015-04-28 22:13:51.715 MobileTimeRecording[16935:590931] Detected Library path: /Users/matze/Library/Developer/CoreSimulator/Devices/BEBAFA46-3E23-4469-B057-EC073A97F44C/data/Containers/Data/Application/602B5E27-2F60-4E68-BB1E-30EF59471289/Library
2015-04-28 22:13:51.715 MobileTimeRecording[16935:590931] no cloud sync at path: /Users/matze/Library/Developer/CoreSimulator/Devices/BEBAFA46-3E23-4469-B057-EC073A97F44C/data/Containers/Data/Application/602B5E27-2F60-4E68-BB1E-30EF59471289/Library/LocalDatabase
2015-04-28 22:13:51.715 MobileTimeRecording[16935:590931] open full db path: /Users/matze/Library/Developer/CoreSimulator/Devices/BEBAFA46-3E23-4469-B057-EC073A97F44C/data/Containers/Data/Application/602B5E27-2F60-4E68-BB1E-30EF59471289/Library/LocalDatabase/mtr.db
2015-04-28 22:13:51.716 MobileTimeRecording[16935:590931] Good news: SQLite is thread safe!
2015-04-28 22:14:07.538 MobileTimeRecording[16935:590931] Resetting plugins due to page load.
2015-04-28 22:14:07.584 MobileTimeRecording[16935:590931] Finished load of: file:///Users/matze/Library/Developer/CoreSimulator/Devices/BEBAFA46-3E23-4469-B057-EC073A97F44C/data/Containers/Bundle/Application/9972CD3A-EB3C-4A80-BE8D-BCC5F627827D/MobileTimeRecording.app/www/createProject.html
2015-04-28 22:14:07.607 MobileTimeRecording[16935:590931] Reusing existing database connection for db name mtr.db
2015-04-28 22:14:07.607 MobileTimeRecording[16935:590931] Good news: SQLite is thread safe!
2015-04-28 22:14:19.340 MobileTimeRecording[16935:590931] Resetting plugins due to page load.
2015-04-28 22:14:19.383 MobileTimeRecording[16935:590931] Finished load of: file:///Users/matze/Library/Developer/CoreSimulator/Devices/BEBAFA46-3E23-4469-B057-EC073A97F44C/data/Containers/Bundle/Application/9972CD3A-EB3C-4A80-BE8D-BCC5F627827D/MobileTimeRecording.app/www/index.html
2015-04-28 22:14:19.401 MobileTimeRecording[16935:590931] Reusing existing database connection for db name mtr.db
2015-04-28 22:14:19.402 MobileTimeRecording[16935:590931] Good news: SQLite is thread safe!
2015-04-28 22:16:09.247 MobileTimeRecording[17178:593030] DiskCookieStorage changing policy from 2 to 0, cookie file: file:///Users/matze/Library/Developer/CoreSimulator/Devices/BEBAFA46-3E23-4469-B057-EC073A97F44C/data/Containers/Data/Application/B8ED17ED-E9DF-491B-ACDA-3E400CFA3054/Library/Cookies/Cookies.binarycookies
2015-04-28 22:16:09.328 MobileTimeRecording[17178:593030] Apache Cordova native platform version 3.8.0 is starting.
2015-04-28 22:16:09.328 MobileTimeRecording[17178:593030] Multi-tasking -> Device: YES, App: YES
2015-04-28 22:16:09.329 MobileTimeRecording[17178:593030] Unlimited access to network resources
2015-04-28 22:16:09.330 MobileTimeRecording[17178:593030] 

Started backup to iCloud! Please be careful.
Your application might be rejected by Apple if you store too much data.
For more information please read "iOS Data Storage Guidelines" at:
https://developer.apple.com/icloud/documentation/data-storage/
To disable web storage backup to iCloud, set the BackupWebStorage preference to "local" in the Cordova config.xml file

2015-04-28 22:16:09.436 MobileTimeRecording[17178:593030] Resetting plugins due to page load.
2015-04-28 22:16:09.501 MobileTimeRecording[17178:593030] Finished load of: file:///Users/matze/Library/Developer/CoreSimulator/Devices/BEBAFA46-3E23-4469-B057-EC073A97F44C/data/Containers/Bundle/Application/AF05B8DF-D187-4709-A788-E5545BB20822/MobileTimeRecording.app/www/index.html
2015-04-28 22:16:09.517 MobileTimeRecording[17178:593030] Initializing SQLitePlugin
2015-04-28 22:16:09.517 MobileTimeRecording[17178:593030] Detected docs path: /Users/matze/Library/Developer/CoreSimulator/Devices/BEBAFA46-3E23-4469-B057-EC073A97F44C/data/Containers/Data/Application/B8ED17ED-E9DF-491B-ACDA-3E400CFA3054/Documents
2015-04-28 22:16:09.517 MobileTimeRecording[17178:593030] Detected Library path: /Users/matze/Library/Developer/CoreSimulator/Devices/BEBAFA46-3E23-4469-B057-EC073A97F44C/data/Containers/Data/Application/B8ED17ED-E9DF-491B-ACDA-3E400CFA3054/Library
2015-04-28 22:16:09.517 MobileTimeRecording[17178:593030] no cloud sync at path: /Users/matze/Library/Developer/CoreSimulator/Devices/BEBAFA46-3E23-4469-B057-EC073A97F44C/data/Containers/Data/Application/B8ED17ED-E9DF-491B-ACDA-3E400CFA3054/Library/LocalDatabase
2015-04-28 22:16:09.518 MobileTimeRecording[17178:593030] open full db path: /Users/matze/Library/Developer/CoreSimulator/Devices/BEBAFA46-3E23-4469-B057-EC073A97F44C/data/Containers/Data/Application/B8ED17ED-E9DF-491B-ACDA-3E400CFA3054/Library/LocalDatabase/mtr.db
2015-04-28 22:16:09.518 MobileTimeRecording[17178:593030] Good news: SQLite is thread safe!
2015-04-28 22:16:14.221 MobileTimeRecording[17178:593030] Resetting plugins due to page load.
2015-04-28 22:16:14.237 MobileTimeRecording[17178:593030] Finished load of: file:///Users/matze/Library/Developer/CoreSimulator/Devices/BEBAFA46-3E23-4469-B057-EC073A97F44C/data/Containers/Bundle/Application/AF05B8DF-D187-4709-A788-E5545BB20822/MobileTimeRecording.app/www/createProject.html
2015-04-28 22:16:14.249 MobileTimeRecording[17178:593030] Reusing existing database connection for db name mtr.db
2015-04-28 22:16:14.249 MobileTimeRecording[17178:593030] Good news: SQLite is thread safe!
2015-04-28 22:16:20.380 MobileTimeRecording[17178:593030] Resetting plugins due to page load.
2015-04-28 22:16:20.412 MobileTimeRecording[17178:593030] Finished load of: file:///Users/matze/Library/Developer/CoreSimulator/Devices/BEBAFA46-3E23-4469-B057-EC073A97F44C/data/Containers/Bundle/Application/AF05B8DF-D187-4709-A788-E5545BB20822/MobileTimeRecording.app/www/index.html
2015-04-28 22:16:20.424 MobileTimeRecording[17178:593030] Reusing existing database connection for db name mtr.db
2015-04-28 22:16:20.424 MobileTimeRecording[17178:593030] Good news: SQLite is thread safe!
2015-04-28 22:16:35.535 MobileTimeRecording[17178:593030] Resetting plugins due to page load.
2015-04-28 22:16:35.588 MobileTimeRecording[17178:593030] Finished load of: file:///Users/matze/Library/Developer/CoreSimulator/Devices/BEBAFA46-3E23-4469-B057-EC073A97F44C/data/Containers/Bundle/Application/AF05B8DF-D187-4709-A788-E5545BB20822/MobileTimeRecording.app/www/createProject.html
2015-04-28 22:16:35.611 MobileTimeRecording[17178:593030] Reusing existing database connection for db name mtr.db
2015-04-28 22:16:35.611 MobileTimeRecording[17178:593030] Good news: SQLite is thread safe!
2015-04-28 22:16:43.958 MobileTimeRecording[17178:593030] Resetting plugins due to page load.
2015-04-28 22:16:44.069 MobileTimeRecording[17178:593030] Finished load of: file:///Users/matze/Library/Developer/CoreSimulator/Devices/BEBAFA46-3E23-4469-B057-EC073A97F44C/data/Containers/Bundle/Application/AF05B8DF-D187-4709-A788-E5545BB20822/MobileTimeRecording.app/www/index.html
2015-04-28 22:16:44.088 MobileTimeRecording[17178:593030] Reusing existing database connection for db name mtr.db
2015-04-28 22:16:44.088 MobileTimeRecording[17178:593030] Good news: SQLite is thread safe!
2015-04-28 22:22:35.549 MobileTimeRecording[17394:596543] DiskCookieStorage changing policy from 2 to 0, cookie file: file:///Users/matze/Library/Developer/CoreSimulator/Devices/BEBAFA46-3E23-4469-B057-EC073A97F44C/data/Containers/Data/Application/2187B493-CB73-4396-ADA3-58183B16401F/Library/Cookies/Cookies.binarycookies
2015-04-28 22:22:35.623 MobileTimeRecording[17394:596543] Apache Cordova native platform version 3.8.0 is starting.
2015-04-28 22:22:35.623 MobileTimeRecording[17394:596543] Multi-tasking -> Device: YES, App: YES
2015-04-28 22:22:35.624 MobileTimeRecording[17394:596543] Unlimited access to network resources
2015-04-28 22:22:35.626 MobileTimeRecording[17394:596543] 

Started backup to iCloud! Please be careful.
Your application might be rejected by Apple if you store too much data.
For more information please read "iOS Data Storage Guidelines" at:
https://developer.apple.com/icloud/documentation/data-storage/
To disable web storage backup to iCloud, set the BackupWebStorage preference to "local" in the Cordova config.xml file

2015-04-28 22:22:35.727 MobileTimeRecording[17394:596543] Resetting plugins due to page load.
2015-04-28 22:22:35.785 MobileTimeRecording[17394:596543] Finished load of: file:///Users/matze/Library/Developer/CoreSimulator/Devices/BEBAFA46-3E23-4469-B057-EC073A97F44C/data/Containers/Bundle/Application/86FBA0A1-1260-47EB-BB5F-54AD83E9241E/MobileTimeRecording.app/www/index.html
2015-04-28 22:22:35.799 MobileTimeRecording[17394:596543] Initializing SQLitePlugin
2015-04-28 22:22:35.800 MobileTimeRecording[17394:596543] Detected docs path: /Users/matze/Library/Developer/CoreSimulator/Devices/BEBAFA46-3E23-4469-B057-EC073A97F44C/data/Containers/Data/Application/2187B493-CB73-4396-ADA3-58183B16401F/Documents
2015-04-28 22:22:35.800 MobileTimeRecording[17394:596543] Detected Library path: /Users/matze/Library/Developer/CoreSimulator/Devices/BEBAFA46-3E23-4469-B057-EC073A97F44C/data/Containers/Data/Application/2187B493-CB73-4396-ADA3-58183B16401F/Library
2015-04-28 22:22:35.800 MobileTimeRecording[17394:596543] no cloud sync at path: /Users/matze/Library/Developer/CoreSimulator/Devices/BEBAFA46-3E23-4469-B057-EC073A97F44C/data/Containers/Data/Application/2187B493-CB73-4396-ADA3-58183B16401F/Library/LocalDatabase
2015-04-28 22:22:35.800 MobileTimeRecording[17394:596543] open full db path: /Users/matze/Library/Developer/CoreSimulator/Devices/BEBAFA46-3E23-4469-B057-EC073A97F44C/data/Containers/Data/Application/2187B493-CB73-4396-ADA3-58183B16401F/Library/LocalDatabase/mtr.db
2015-04-28 22:22:35.801 MobileTimeRecording[17394:596543] Good news: SQLite is thread safe!
2015-04-28 22:22:56.234 MobileTimeRecording[17394:596543] Resetting plugins due to page load.
2015-04-28 22:22:56.281 MobileTimeRecording[17394:596543] Finished load of: file:///Users/matze/Library/Developer/CoreSimulator/Devices/BEBAFA46-3E23-4469-B057-EC073A97F44C/data/Containers/Bundle/Application/86FBA0A1-1260-47EB-BB5F-54AD83E9241E/MobileTimeRecording.app/www/createProject.html
2015-04-28 22:22:56.306 MobileTimeRecording[17394:596543] Reusing existing database connection for db name mtr.db
2015-04-28 22:22:56.306 MobileTimeRecording[17394:596543] Good news: SQLite is thread safe!
2015-04-28 22:23:11.797 MobileTimeRecording[17394:596543] Resetting plugins due to page load.
2015-04-28 22:23:11.853 MobileTimeRecording[17394:596543] Finished load of: file:///Users/matze/Library/Developer/CoreSimulator/Devices/BEBAFA46-3E23-4469-B057-EC073A97F44C/data/Containers/Bundle/Application/86FBA0A1-1260-47EB-BB5F-54AD83E9241E/MobileTimeRecording.app/www/index.html
2015-04-28 22:23:11.874 MobileTimeRecording[17394:596543] Reusing existing database connection for db name mtr.db
2015-04-28 22:23:11.874 MobileTimeRecording[17394:596543] Good news: SQLite is thread safe!
2015-04-28 22:26:23.206 MobileTimeRecording[17394:598337] Terminating since there is no system app.
2015-04-28 22:26:58.873 MobileTimeRecording[17590:599381] DiskCookieStorage changing policy from 2 to 0, cookie file: file:///Users/matze/Library/Developer/CoreSimulator/Devices/BEBAFA46-3E23-4469-B057-EC073A97F44C/data/Containers/Data/Application/D1D31D74-597D-4F4E-8C51-BEBE8B675C12/Library/Cookies/Cookies.binarycookies
2015-04-28 22:26:58.947 MobileTimeRecording[17590:599381] Apache Cordova native platform version 3.8.0 is starting.
2015-04-28 22:26:58.947 MobileTimeRecording[17590:599381] Multi-tasking -> Device: YES, App: YES
2015-04-28 22:26:58.948 MobileTimeRecording[17590:599381] Unlimited access to network resources
2015-04-28 22:26:58.950 MobileTimeRecording[17590:599381] 

Started backup to iCloud! Please be careful.
Your application might be rejected by Apple if you store too much data.
For more information please read "iOS Data Storage Guidelines" at:
https://developer.apple.com/icloud/documentation/data-storage/
To disable web storage backup to iCloud, set the BackupWebStorage preference to "local" in the Cordova config.xml file

2015-04-28 22:26:59.054 MobileTimeRecording[17590:599381] Resetting plugins due to page load.
2015-04-28 22:26:59.119 MobileTimeRecording[17590:599381] Finished load of: file:///Users/matze/Library/Developer/CoreSimulator/Devices/BEBAFA46-3E23-4469-B057-EC073A97F44C/data/Containers/Bundle/Application/800A5D32-A870-49C7-8F6A-62A4A398CB33/MobileTimeRecording.app/www/index.html
2015-04-28 22:26:59.135 MobileTimeRecording[17590:599381] Initializing SQLitePlugin
2015-04-28 22:26:59.135 MobileTimeRecording[17590:599381] Detected docs path: /Users/matze/Library/Developer/CoreSimulator/Devices/BEBAFA46-3E23-4469-B057-EC073A97F44C/data/Containers/Data/Application/D1D31D74-597D-4F4E-8C51-BEBE8B675C12/Documents
2015-04-28 22:26:59.135 MobileTimeRecording[17590:599381] Detected Library path: /Users/matze/Library/Developer/CoreSimulator/Devices/BEBAFA46-3E23-4469-B057-EC073A97F44C/data/Containers/Data/Application/D1D31D74-597D-4F4E-8C51-BEBE8B675C12/Library
2015-04-28 22:26:59.135 MobileTimeRecording[17590:599381] no cloud sync at path: /Users/matze/Library/Developer/CoreSimulator/Devices/BEBAFA46-3E23-4469-B057-EC073A97F44C/data/Containers/Data/Application/D1D31D74-597D-4F4E-8C51-BEBE8B675C12/Library/LocalDatabase
2015-04-28 22:26:59.136 MobileTimeRecording[17590:599381] open full db path: /Users/matze/Library/Developer/CoreSimulator/Devices/BEBAFA46-3E23-4469-B057-EC073A97F44C/data/Containers/Data/Application/D1D31D74-597D-4F4E-8C51-BEBE8B675C12/Library/LocalDatabase/mtr.db
2015-04-28 22:26:59.136 MobileTimeRecording[17590:599381] Good news: SQLite is thread safe!
2015-04-28 22:27:01.078 MobileTimeRecording[17590:599381] Resetting plugins due to page load.
2015-04-28 22:27:01.095 MobileTimeRecording[17590:599381] Finished load of: file:///Users/matze/Library/Developer/CoreSimulator/Devices/BEBAFA46-3E23-4469-B057-EC073A97F44C/data/Containers/Bundle/Application/800A5D32-A870-49C7-8F6A-62A4A398CB33/MobileTimeRecording.app/www/createProject.html
2015-04-28 22:27:01.105 MobileTimeRecording[17590:599381] Reusing existing database connection for db name mtr.db
2015-04-28 22:27:01.105 MobileTimeRecording[17590:599381] Good news: SQLite is thread safe!
2015-04-28 22:27:22.480 MobileTimeRecording[17590:599381] Resetting plugins due to page load.
2015-04-28 22:27:22.563 MobileTimeRecording[17590:599381] Finished load of: file:///Users/matze/Library/Developer/CoreSimulator/Devices/BEBAFA46-3E23-4469-B057-EC073A97F44C/data/Containers/Bundle/Application/800A5D32-A870-49C7-8F6A-62A4A398CB33/MobileTimeRecording.app/www/index.html
2015-04-28 22:27:22.582 MobileTimeRecording[17590:599381] Reusing existing database connection for db name mtr.db
2015-04-28 22:27:22.582 MobileTimeRecording[17590:599381] Good news: SQLite is thread safe!
2015-04-28 22:30:15.334 MobileTimeRecording[17780:601922] DiskCookieStorage changing policy from 2 to 0, cookie file: file:///Users/matze/Library/Developer/CoreSimulator/Devices/BEBAFA46-3E23-4469-B057-EC073A97F44C/data/Containers/Data/Application/340F8B82-C38C-4846-ACD7-342F1FE51F49/Library/Cookies/Cookies.binarycookies
2015-04-28 22:30:15.412 MobileTimeRecording[17780:601922] Apache Cordova native platform version 3.8.0 is starting.
2015-04-28 22:30:15.412 MobileTimeRecording[17780:601922] Multi-tasking -> Device: YES, App: YES
2015-04-28 22:30:15.413 MobileTimeRecording[17780:601922] Unlimited access to network resources
2015-04-28 22:30:15.415 MobileTimeRecording[17780:601922] 

Started backup to iCloud! Please be careful.
Your application might be rejected by Apple if you store too much data.
For more information please read "iOS Data Storage Guidelines" at:
https://developer.apple.com/icloud/documentation/data-storage/
To disable web storage backup to iCloud, set the BackupWebStorage preference to "local" in the Cordova config.xml file

2015-04-28 22:30:15.519 MobileTimeRecording[17780:601922] Resetting plugins due to page load.
2015-04-28 22:30:15.581 MobileTimeRecording[17780:601922] Finished load of: file:///Users/matze/Library/Developer/CoreSimulator/Devices/BEBAFA46-3E23-4469-B057-EC073A97F44C/data/Containers/Bundle/Application/3CA2E138-05BC-4D29-A5C2-D5CFDED5D222/MobileTimeRecording.app/www/index.html
2015-04-28 22:30:15.596 MobileTimeRecording[17780:601922] Initializing SQLitePlugin
2015-04-28 22:30:15.596 MobileTimeRecording[17780:601922] Detected docs path: /Users/matze/Library/Developer/CoreSimulator/Devices/BEBAFA46-3E23-4469-B057-EC073A97F44C/data/Containers/Data/Application/340F8B82-C38C-4846-ACD7-342F1FE51F49/Documents
2015-04-28 22:30:15.596 MobileTimeRecording[17780:601922] Detected Library path: /Users/matze/Library/Developer/CoreSimulator/Devices/BEBAFA46-3E23-4469-B057-EC073A97F44C/data/Containers/Data/Application/340F8B82-C38C-4846-ACD7-342F1FE51F49/Library
2015-04-28 22:30:15.596 MobileTimeRecording[17780:601922] no cloud sync at path: /Users/matze/Library/Developer/CoreSimulator/Devices/BEBAFA46-3E23-4469-B057-EC073A97F44C/data/Containers/Data/Application/340F8B82-C38C-4846-ACD7-342F1FE51F49/Library/LocalDatabase
2015-04-28 22:30:15.596 MobileTimeRecording[17780:601922] open full db path: /Users/matze/Library/Developer/CoreSimulator/Devices/BEBAFA46-3E23-4469-B057-EC073A97F44C/data/Containers/Data/Application/340F8B82-C38C-4846-ACD7-342F1FE51F49/Library/LocalDatabase/mtr.db
2015-04-28 22:30:15.597 MobileTimeRecording[17780:601922] Good news: SQLite is thread safe!
2015-04-28 22:30:36.757 MobileTimeRecording[17780:601922] Resetting plugins due to page load.
2015-04-28 22:30:36.803 MobileTimeRecording[17780:601922] Finished load of: file:///Users/matze/Library/Developer/CoreSimulator/Devices/BEBAFA46-3E23-4469-B057-EC073A97F44C/data/Containers/Bundle/Application/3CA2E138-05BC-4D29-A5C2-D5CFDED5D222/MobileTimeRecording.app/www/createProject.html
2015-04-28 22:30:36.827 MobileTimeRecording[17780:601922] Reusing existing database connection for db name mtr.db
2015-04-28 22:30:36.827 MobileTimeRecording[17780:601922] Good news: SQLite is thread safe!
2015-04-28 22:30:56.420 MobileTimeRecording[17780:601922] Resetting plugins due to page load.
2015-04-28 22:30:56.537 MobileTimeRecording[17780:601922] Finished load of: file:///Users/matze/Library/Developer/CoreSimulator/Devices/BEBAFA46-3E23-4469-B057-EC073A97F44C/data/Containers/Bundle/Application/3CA2E138-05BC-4D29-A5C2-D5CFDED5D222/MobileTimeRecording.app/www/index.html
2015-04-28 22:30:56.557 MobileTimeRecording[17780:601922] Reusing existing database connection for db name mtr.db
2015-04-28 22:30:56.557 MobileTimeRecording[17780:601922] Good news: SQLite is thread safe!
2015-04-28 22:32:05.320 MobileTimeRecording[17967:603731] DiskCookieStorage changing policy from 2 to 0, cookie file: file:///Users/matze/Library/Developer/CoreSimulator/Devices/BEBAFA46-3E23-4469-B057-EC073A97F44C/data/Containers/Data/Application/A7348940-F1BF-4639-97A3-800900D2525F/Library/Cookies/Cookies.binarycookies
2015-04-28 22:32:05.404 MobileTimeRecording[17967:603731] Apache Cordova native platform version 3.8.0 is starting.
2015-04-28 22:32:05.404 MobileTimeRecording[17967:603731] Multi-tasking -> Device: YES, App: YES
2015-04-28 22:32:05.405 MobileTimeRecording[17967:603731] Unlimited access to network resources
2015-04-28 22:32:05.406 MobileTimeRecording[17967:603731] 

Started backup to iCloud! Please be careful.
Your application might be rejected by Apple if you store too much data.
For more information please read "iOS Data Storage Guidelines" at:
https://developer.apple.com/icloud/documentation/data-storage/
To disable web storage backup to iCloud, set the BackupWebStorage preference to "local" in the Cordova config.xml file

2015-04-28 22:32:05.509 MobileTimeRecording[17967:603731] Resetting plugins due to page load.
2015-04-28 22:32:05.575 MobileTimeRecording[17967:603731] Finished load of: file:///Users/matze/Library/Developer/CoreSimulator/Devices/BEBAFA46-3E23-4469-B057-EC073A97F44C/data/Containers/Bundle/Application/B12B1DB8-8DA6-4598-839B-F19BA9083004/MobileTimeRecording.app/www/index.html
2015-04-28 22:32:05.592 MobileTimeRecording[17967:603731] Initializing SQLitePlugin
2015-04-28 22:32:05.592 MobileTimeRecording[17967:603731] Detected docs path: /Users/matze/Library/Developer/CoreSimulator/Devices/BEBAFA46-3E23-4469-B057-EC073A97F44C/data/Containers/Data/Application/A7348940-F1BF-4639-97A3-800900D2525F/Documents
2015-04-28 22:32:05.593 MobileTimeRecording[17967:603731] Detected Library path: /Users/matze/Library/Developer/CoreSimulator/Devices/BEBAFA46-3E23-4469-B057-EC073A97F44C/data/Containers/Data/Application/A7348940-F1BF-4639-97A3-800900D2525F/Library
2015-04-28 22:32:05.593 MobileTimeRecording[17967:603731] no cloud sync at path: /Users/matze/Library/Developer/CoreSimulator/Devices/BEBAFA46-3E23-4469-B057-EC073A97F44C/data/Containers/Data/Application/A7348940-F1BF-4639-97A3-800900D2525F/Library/LocalDatabase
2015-04-28 22:32:05.593 MobileTimeRecording[17967:603731] open full db path: /Users/matze/Library/Developer/CoreSimulator/Devices/BEBAFA46-3E23-4469-B057-EC073A97F44C/data/Containers/Data/Application/A7348940-F1BF-4639-97A3-800900D2525F/Library/LocalDatabase/mtr.db
2015-04-28 22:32:05.594 MobileTimeRecording[17967:603731] Good news: SQLite is thread safe!
2015-04-28 22:32:35.086 MobileTimeRecording[17967:603731] Resetting plugins due to page load.
2015-04-28 22:32:35.136 MobileTimeRecording[17967:603731] Finished load of: file:///Users/matze/Library/Developer/CoreSimulator/Devices/BEBAFA46-3E23-4469-B057-EC073A97F44C/data/Containers/Bundle/Application/B12B1DB8-8DA6-4598-839B-F19BA9083004/MobileTimeRecording.app/www/createProject.html
2015-04-28 22:32:35.159 MobileTimeRecording[17967:603731] Reusing existing database connection for db name mtr.db
2015-04-28 22:32:35.159 MobileTimeRecording[17967:603731] Good news: SQLite is thread safe!
2015-04-28 22:32:40.628 MobileTimeRecording[17967:603731] Resetting plugins due to page load.
2015-04-28 22:32:40.733 MobileTimeRecording[17967:603731] Finished load of: file:///Users/matze/Library/Developer/CoreSimulator/Devices/BEBAFA46-3E23-4469-B057-EC073A97F44C/data/Containers/Bundle/Application/B12B1DB8-8DA6-4598-839B-F19BA9083004/MobileTimeRecording.app/www/index.html
2015-04-28 22:32:40.750 MobileTimeRecording[17967:603731] Reusing existing database connection for db name mtr.db
2015-04-28 22:32:40.750 MobileTimeRecording[17967:603731] Good news: SQLite is thread safe!
2015-04-28 22:51:57.813 MobileTimeRecording[17967:611061] Terminating since there is no system app.
2015-04-28 22:52:11.526 MobileTimeRecording[18480:612029] DiskCookieStorage changing policy from 2 to 0, cookie file: file:///Users/matze/Library/Developer/CoreSimulator/Devices/BEBAFA46-3E23-4469-B057-EC073A97F44C/data/Containers/Data/Application/CD335091-28B4-4CA5-9A2D-302F2B29D398/Library/Cookies/Cookies.binarycookies
2015-04-28 22:52:11.610 MobileTimeRecording[18480:612029] Apache Cordova native platform version 3.8.0 is starting.
2015-04-28 22:52:11.610 MobileTimeRecording[18480:612029] Multi-tasking -> Device: YES, App: YES
2015-04-28 22:52:11.611 MobileTimeRecording[18480:612029] Unlimited access to network resources
2015-04-28 22:52:11.613 MobileTimeRecording[18480:612029] 

Started backup to iCloud! Please be careful.
Your application might be rejected by Apple if you store too much data.
For more information please read "iOS Data Storage Guidelines" at:
https://developer.apple.com/icloud/documentation/data-storage/
To disable web storage backup to iCloud, set the BackupWebStorage preference to "local" in the Cordova config.xml file

2015-04-28 22:52:11.709 MobileTimeRecording[18480:612029] Resetting plugins due to page load.
2015-04-28 22:52:11.779 MobileTimeRecording[18480:612029] Finished load of: file:///Users/matze/Library/Developer/CoreSimulator/Devices/BEBAFA46-3E23-4469-B057-EC073A97F44C/data/Containers/Bundle/Application/ED635A8B-6501-4C8B-9468-A1CFAC2862F6/MobileTimeRecording.app/www/index.html
2015-04-28 22:52:11.795 MobileTimeRecording[18480:612029] Initializing SQLitePlugin
2015-04-28 22:52:11.795 MobileTimeRecording[18480:612029] Detected docs path: /Users/matze/Library/Developer/CoreSimulator/Devices/BEBAFA46-3E23-4469-B057-EC073A97F44C/data/Containers/Data/Application/CD335091-28B4-4CA5-9A2D-302F2B29D398/Documents
2015-04-28 22:52:11.796 MobileTimeRecording[18480:612029] Detected Library path: /Users/matze/Library/Developer/CoreSimulator/Devices/BEBAFA46-3E23-4469-B057-EC073A97F44C/data/Containers/Data/Application/CD335091-28B4-4CA5-9A2D-302F2B29D398/Library
2015-04-28 22:52:11.796 MobileTimeRecording[18480:612029] no cloud sync at path: /Users/matze/Library/Developer/CoreSimulator/Devices/BEBAFA46-3E23-4469-B057-EC073A97F44C/data/Containers/Data/Application/CD335091-28B4-4CA5-9A2D-302F2B29D398/Library/LocalDatabase
2015-04-28 22:52:11.796 MobileTimeRecording[18480:612029] open full db path: /Users/matze/Library/Developer/CoreSimulator/Devices/BEBAFA46-3E23-4469-B057-EC073A97F44C/data/Containers/Data/Application/CD335091-28B4-4CA5-9A2D-302F2B29D398/Library/LocalDatabase/mtr.db
2015-04-28 22:52:11.797 MobileTimeRecording[18480:612029] Good news: SQLite is thread safe!
2015-04-28 22:55:28.682 MobileTimeRecording[18480:613503] Communications error: <OS_xpc_error: <error: 0x2eff5f4> { count = 1, contents =
	"XPCErrorDescription" => <string: 0x2eff83c> { length = 22, contents = "Connection interrupted" }
}>
2015-04-28 22:55:39.665 MobileTimeRecording[18712:614423] DiskCookieStorage changing policy from 2 to 0, cookie file: file:///Users/matze/Library/Developer/CoreSimulator/Devices/BEBAFA46-3E23-4469-B057-EC073A97F44C/data/Containers/Data/Application/A2E58FEB-6507-4752-ACCF-84A8A36A8F0B/Library/Cookies/Cookies.binarycookies
2015-04-28 22:55:39.735 MobileTimeRecording[18712:614423] Apache Cordova native platform version 3.8.0 is starting.
2015-04-28 22:55:39.736 MobileTimeRecording[18712:614423] Multi-tasking -> Device: YES, App: YES
2015-04-28 22:55:39.737 MobileTimeRecording[18712:614423] Unlimited access to network resources
2015-04-28 22:55:39.738 MobileTimeRecording[18712:614423] 

Started backup to iCloud! Please be careful.
Your application might be rejected by Apple if you store too much data.
For more information please read "iOS Data Storage Guidelines" at:
https://developer.apple.com/icloud/documentation/data-storage/
To disable web storage backup to iCloud, set the BackupWebStorage preference to "local" in the Cordova config.xml file

2015-04-28 22:55:39.830 MobileTimeRecording[18712:614423] Resetting plugins due to page load.
2015-04-28 22:55:39.899 MobileTimeRecording[18712:614423] Finished load of: file:///Users/matze/Library/Developer/CoreSimulator/Devices/BEBAFA46-3E23-4469-B057-EC073A97F44C/data/Containers/Bundle/Application/78975C79-309D-4309-B0BB-88D40A81039C/MobileTimeRecording.app/www/index.html
2015-04-28 22:55:39.917 MobileTimeRecording[18712:614423] Initializing SQLitePlugin
2015-04-28 22:55:39.918 MobileTimeRecording[18712:614423] Detected docs path: /Users/matze/Library/Developer/CoreSimulator/Devices/BEBAFA46-3E23-4469-B057-EC073A97F44C/data/Containers/Data/Application/A2E58FEB-6507-4752-ACCF-84A8A36A8F0B/Documents
2015-04-28 22:55:39.918 MobileTimeRecording[18712:614423] Detected Library path: /Users/matze/Library/Developer/CoreSimulator/Devices/BEBAFA46-3E23-4469-B057-EC073A97F44C/data/Containers/Data/Application/A2E58FEB-6507-4752-ACCF-84A8A36A8F0B/Library
2015-04-28 22:55:39.918 MobileTimeRecording[18712:614423] no cloud sync at path: /Users/matze/Library/Developer/CoreSimulator/Devices/BEBAFA46-3E23-4469-B057-EC073A97F44C/data/Containers/Data/Application/A2E58FEB-6507-4752-ACCF-84A8A36A8F0B/Library/LocalDatabase
2015-04-28 22:55:39.918 MobileTimeRecording[18712:614423] open full db path: /Users/matze/Library/Developer/CoreSimulator/Devices/BEBAFA46-3E23-4469-B057-EC073A97F44C/data/Containers/Data/Application/A2E58FEB-6507-4752-ACCF-84A8A36A8F0B/Library/LocalDatabase/mtr.db
2015-04-28 22:55:39.919 MobileTimeRecording[18712:614423] Good news: SQLite is thread safe!
2015-04-28 23:03:16.493 MobileTimeRecording[18930:619019] DiskCookieStorage changing policy from 2 to 0, cookie file: file:///Users/matze/Library/Developer/CoreSimulator/Devices/BEBAFA46-3E23-4469-B057-EC073A97F44C/data/Containers/Data/Application/F5168E02-EB1B-4319-93F2-56E1E98D4068/Library/Cookies/Cookies.binarycookies
2015-04-28 23:03:16.568 MobileTimeRecording[18930:619019] Apache Cordova native platform version 3.8.0 is starting.
2015-04-28 23:03:16.568 MobileTimeRecording[18930:619019] Multi-tasking -> Device: YES, App: YES
2015-04-28 23:03:16.569 MobileTimeRecording[18930:619019] Unlimited access to network resources
2015-04-28 23:03:16.571 MobileTimeRecording[18930:619019] 

Started backup to iCloud! Please be careful.
Your application might be rejected by Apple if you store too much data.
For more information please read "iOS Data Storage Guidelines" at:
https://developer.apple.com/icloud/documentation/data-storage/
To disable web storage backup to iCloud, set the BackupWebStorage preference to "local" in the Cordova config.xml file

2015-04-28 23:03:16.674 MobileTimeRecording[18930:619019] Resetting plugins due to page load.
2015-04-28 23:03:16.744 MobileTimeRecording[18930:619019] Finished load of: file:///Users/matze/Library/Developer/CoreSimulator/Devices/BEBAFA46-3E23-4469-B057-EC073A97F44C/data/Containers/Bundle/Application/E3FA7B04-1738-469A-A05B-CD43241C6C22/MobileTimeRecording.app/www/index.html
2015-04-28 23:03:16.759 MobileTimeRecording[18930:619019] Initializing SQLitePlugin
2015-04-28 23:03:16.760 MobileTimeRecording[18930:619019] Detected docs path: /Users/matze/Library/Developer/CoreSimulator/Devices/BEBAFA46-3E23-4469-B057-EC073A97F44C/data/Containers/Data/Application/F5168E02-EB1B-4319-93F2-56E1E98D4068/Documents
2015-04-28 23:03:16.760 MobileTimeRecording[18930:619019] Detected Library path: /Users/matze/Library/Developer/CoreSimulator/Devices/BEBAFA46-3E23-4469-B057-EC073A97F44C/data/Containers/Data/Application/F5168E02-EB1B-4319-93F2-56E1E98D4068/Library
2015-04-28 23:03:16.760 MobileTimeRecording[18930:619019] no cloud sync at path: /Users/matze/Library/Developer/CoreSimulator/Devices/BEBAFA46-3E23-4469-B057-EC073A97F44C/data/Containers/Data/Application/F5168E02-EB1B-4319-93F2-56E1E98D4068/Library/LocalDatabase
2015-04-28 23:03:16.760 MobileTimeRecording[18930:619019] open full db path: /Users/matze/Library/Developer/CoreSimulator/Devices/BEBAFA46-3E23-4469-B057-EC073A97F44C/data/Containers/Data/Application/F5168E02-EB1B-4319-93F2-56E1E98D4068/Library/LocalDatabase/mtr.db
2015-04-28 23:03:16.761 MobileTimeRecording[18930:619019] Good news: SQLite is thread safe!
2015-04-28 23:14:33.152 MobileTimeRecording[19241:625293] DiskCookieStorage changing policy from 2 to 0, cookie file: file:///Users/matze/Library/Developer/CoreSimulator/Devices/BEBAFA46-3E23-4469-B057-EC073A97F44C/data/Containers/Data/Application/72AEB523-7839-4C1E-8772-55CA99D361E6/Library/Cookies/Cookies.binarycookies
2015-04-28 23:14:33.228 MobileTimeRecording[19241:625293] Apache Cordova native platform version 3.8.0 is starting.
2015-04-28 23:14:33.228 MobileTimeRecording[19241:625293] Multi-tasking -> Device: YES, App: YES
2015-04-28 23:14:33.229 MobileTimeRecording[19241:625293] Unlimited access to network resources
2015-04-28 23:14:33.231 MobileTimeRecording[19241:625293] 

Started backup to iCloud! Please be careful.
Your application might be rejected by Apple if you store too much data.
For more information please read "iOS Data Storage Guidelines" at:
https://developer.apple.com/icloud/documentation/data-storage/
To disable web storage backup to iCloud, set the BackupWebStorage preference to "local" in the Cordova config.xml file

2015-04-28 23:14:33.336 MobileTimeRecording[19241:625293] Resetting plugins due to page load.
2015-04-28 23:14:33.398 MobileTimeRecording[19241:625293] Finished load of: file:///Users/matze/Library/Developer/CoreSimulator/Devices/BEBAFA46-3E23-4469-B057-EC073A97F44C/data/Containers/Bundle/Application/B76ABDED-FD64-4644-AD04-E71EDB474DF7/MobileTimeRecording.app/www/index.html
2015-04-28 23:14:33.414 MobileTimeRecording[19241:625293] Initializing SQLitePlugin
2015-04-28 23:14:33.414 MobileTimeRecording[19241:625293] Detected docs path: /Users/matze/Library/Developer/CoreSimulator/Devices/BEBAFA46-3E23-4469-B057-EC073A97F44C/data/Containers/Data/Application/72AEB523-7839-4C1E-8772-55CA99D361E6/Documents
2015-04-28 23:14:33.414 MobileTimeRecording[19241:625293] Detected Library path: /Users/matze/Library/Developer/CoreSimulator/Devices/BEBAFA46-3E23-4469-B057-EC073A97F44C/data/Containers/Data/Application/72AEB523-7839-4C1E-8772-55CA99D361E6/Library
2015-04-28 23:14:33.414 MobileTimeRecording[19241:625293] no cloud sync at path: /Users/matze/Library/Developer/CoreSimulator/Devices/BEBAFA46-3E23-4469-B057-EC073A97F44C/data/Containers/Data/Application/72AEB523-7839-4C1E-8772-55CA99D361E6/Library/LocalDatabase
2015-04-28 23:14:33.415 MobileTimeRecording[19241:625293] open full db path: /Users/matze/Library/Developer/CoreSimulator/Devices/BEBAFA46-3E23-4469-B057-EC073A97F44C/data/Containers/Data/Application/72AEB523-7839-4C1E-8772-55CA99D361E6/Library/LocalDatabase/mtr.db
2015-04-28 23:14:33.415 MobileTimeRecording[19241:625293] Good news: SQLite is thread safe!
2015-04-28 23:14:57.865 MobileTimeRecording[19414:626349] DiskCookieStorage changing policy from 2 to 0, cookie file: file:///Users/matze/Library/Developer/CoreSimulator/Devices/BEBAFA46-3E23-4469-B057-EC073A97F44C/data/Containers/Data/Application/8392D04C-751E-45CD-8BEC-FD3746B94E9B/Library/Cookies/Cookies.binarycookies
2015-04-28 23:14:57.938 MobileTimeRecording[19414:626349] Apache Cordova native platform version 3.8.0 is starting.
2015-04-28 23:14:57.938 MobileTimeRecording[19414:626349] Multi-tasking -> Device: YES, App: YES
2015-04-28 23:14:57.939 MobileTimeRecording[19414:626349] Unlimited access to network resources
2015-04-28 23:14:57.942 MobileTimeRecording[19414:626349] 

Started backup to iCloud! Please be careful.
Your application might be rejected by Apple if you store too much data.
For more information please read "iOS Data Storage Guidelines" at:
https://developer.apple.com/icloud/documentation/data-storage/
To disable web storage backup to iCloud, set the BackupWebStorage preference to "local" in the Cordova config.xml file

2015-04-28 23:14:58.035 MobileTimeRecording[19414:626349] Resetting plugins due to page load.
2015-04-28 23:14:58.103 MobileTimeRecording[19414:626349] Finished load of: file:///Users/matze/Library/Developer/CoreSimulator/Devices/BEBAFA46-3E23-4469-B057-EC073A97F44C/data/Containers/Bundle/Application/334C637F-5B2E-4A01-9608-B839E26BE49E/MobileTimeRecording.app/www/index.html
2015-04-28 23:14:58.119 MobileTimeRecording[19414:626349] Initializing SQLitePlugin
2015-04-28 23:14:58.119 MobileTimeRecording[19414:626349] Detected docs path: /Users/matze/Library/Developer/CoreSimulator/Devices/BEBAFA46-3E23-4469-B057-EC073A97F44C/data/Containers/Data/Application/8392D04C-751E-45CD-8BEC-FD3746B94E9B/Documents
2015-04-28 23:14:58.119 MobileTimeRecording[19414:626349] Detected Library path: /Users/matze/Library/Developer/CoreSimulator/Devices/BEBAFA46-3E23-4469-B057-EC073A97F44C/data/Containers/Data/Application/8392D04C-751E-45CD-8BEC-FD3746B94E9B/Library
2015-04-28 23:14:58.119 MobileTimeRecording[19414:626349] no cloud sync at path: /Users/matze/Library/Developer/CoreSimulator/Devices/BEBAFA46-3E23-4469-B057-EC073A97F44C/data/Containers/Data/Application/8392D04C-751E-45CD-8BEC-FD3746B94E9B/Library/LocalDatabase
2015-04-28 23:14:58.120 MobileTimeRecording[19414:626349] open full db path: /Users/matze/Library/Developer/CoreSimulator/Devices/BEBAFA46-3E23-4469-B057-EC073A97F44C/data/Containers/Data/Application/8392D04C-751E-45CD-8BEC-FD3746B94E9B/Library/LocalDatabase/mtr.db
2015-04-28 23:14:58.120 MobileTimeRecording[19414:626349] Good news: SQLite is thread safe!
2015-04-28 23:15:00.658 MobileTimeRecording[19414:626349] Resetting plugins due to page load.
2015-04-28 23:15:00.677 MobileTimeRecording[19414:626349] Finished load of: file:///Users/matze/Library/Developer/CoreSimulator/Devices/BEBAFA46-3E23-4469-B057-EC073A97F44C/data/Containers/Bundle/Application/334C637F-5B2E-4A01-9608-B839E26BE49E/MobileTimeRecording.app/www/createProject.html
2015-04-28 23:15:00.686 MobileTimeRecording[19414:626349] Reusing existing database connection for db name mtr.db
2015-04-28 23:15:00.687 MobileTimeRecording[19414:626349] Good news: SQLite is thread safe!
2015-04-28 23:15:27.186 MobileTimeRecording[19414:626349] Resetting plugins due to page load.
2015-04-28 23:15:27.270 MobileTimeRecording[19414:626349] Finished load of: file:///Users/matze/Library/Developer/CoreSimulator/Devices/BEBAFA46-3E23-4469-B057-EC073A97F44C/data/Containers/Bundle/Application/334C637F-5B2E-4A01-9608-B839E26BE49E/MobileTimeRecording.app/www/index.html
2015-04-28 23:15:27.289 MobileTimeRecording[19414:626349] Reusing existing database connection for db name mtr.db
2015-04-28 23:15:27.289 MobileTimeRecording[19414:626349] Good news: SQLite is thread safe!
2015-04-28 23:15:28.592 MobileTimeRecording[19414:626349] Resetting plugins due to page load.
2015-04-28 23:15:28.636 MobileTimeRecording[19414:626349] Finished load of: file:///Users/matze/Library/Developer/CoreSimulator/Devices/BEBAFA46-3E23-4469-B057-EC073A97F44C/data/Containers/Bundle/Application/334C637F-5B2E-4A01-9608-B839E26BE49E/MobileTimeRecording.app/www/createProject.html
2015-04-28 23:15:28.656 MobileTimeRecording[19414:626349] Reusing existing database connection for db name mtr.db
2015-04-28 23:15:28.656 MobileTimeRecording[19414:626349] Good news: SQLite is thread safe!
2015-04-28 23:15:39.735 MobileTimeRecording[19414:626349] Resetting plugins due to page load.
2015-04-28 23:15:39.872 MobileTimeRecording[19414:626349] Finished load of: file:///Users/matze/Library/Developer/CoreSimulator/Devices/BEBAFA46-3E23-4469-B057-EC073A97F44C/data/Containers/Bundle/Application/334C637F-5B2E-4A01-9608-B839E26BE49E/MobileTimeRecording.app/www/index.html
2015-04-28 23:15:39.891 MobileTimeRecording[19414:626349] Reusing existing database connection for db name mtr.db
2015-04-28 23:15:39.891 MobileTimeRecording[19414:626349] Good news: SQLite is thread safe!
2015-04-28 23:15:41.100 MobileTimeRecording[19414:626349] Resetting plugins due to page load.
2015-04-28 23:15:41.143 MobileTimeRecording[19414:626349] Finished load of: file:///Users/matze/Library/Developer/CoreSimulator/Devices/BEBAFA46-3E23-4469-B057-EC073A97F44C/data/Containers/Bundle/Application/334C637F-5B2E-4A01-9608-B839E26BE49E/MobileTimeRecording.app/www/createProject.html
2015-04-28 23:15:41.163 MobileTimeRecording[19414:626349] Reusing existing database connection for db name mtr.db
2015-04-28 23:15:41.163 MobileTimeRecording[19414:626349] Good news: SQLite is thread safe!
2015-04-28 23:15:43.521 MobileTimeRecording[19414:626349] Resetting plugins due to page load.
2015-04-28 23:15:43.570 MobileTimeRecording[19414:626349] Finished load of: file:///Users/matze/Library/Developer/CoreSimulator/Devices/BEBAFA46-3E23-4469-B057-EC073A97F44C/data/Containers/Bundle/Application/334C637F-5B2E-4A01-9608-B839E26BE49E/MobileTimeRecording.app/www/index.html
2015-04-28 23:15:43.589 MobileTimeRecording[19414:626349] Reusing existing database connection for db name mtr.db
2015-04-28 23:15:43.589 MobileTimeRecording[19414:626349] Good news: SQLite is thread safe!
2015-04-28 23:15:45.534 MobileTimeRecording[19414:626349] Resetting plugins due to page load.
2015-04-28 23:15:45.580 MobileTimeRecording[19414:626349] Finished load of: file:///Users/matze/Library/Developer/CoreSimulator/Devices/BEBAFA46-3E23-4469-B057-EC073A97F44C/data/Containers/Bundle/Application/334C637F-5B2E-4A01-9608-B839E26BE49E/MobileTimeRecording.app/www/createProject.html
2015-04-28 23:15:45.599 MobileTimeRecording[19414:626349] Reusing existing database connection for db name mtr.db
2015-04-28 23:15:45.599 MobileTimeRecording[19414:626349] Good news: SQLite is thread safe!
2015-04-28 23:15:53.328 MobileTimeRecording[19414:626349] Resetting plugins due to page load.
2015-04-28 23:15:53.436 MobileTimeRecording[19414:626349] Finished load of: file:///Users/matze/Library/Developer/CoreSimulator/Devices/BEBAFA46-3E23-4469-B057-EC073A97F44C/data/Containers/Bundle/Application/334C637F-5B2E-4A01-9608-B839E26BE49E/MobileTimeRecording.app/www/index.html
2015-04-28 23:15:53.456 MobileTimeRecording[19414:626349] Reusing existing database connection for db name mtr.db
2015-04-28 23:15:53.456 MobileTimeRecording[19414:626349] Good news: SQLite is thread safe!
2015-05-04 20:43:07.659 MobileTimeRecording[20276:537181] DiskCookieStorage changing policy from 2 to 0, cookie file: file:///Users/matze/Library/Developer/CoreSimulator/Devices/BEBAFA46-3E23-4469-B057-EC073A97F44C/data/Containers/Data/Application/3B400367-5A65-4936-8EEC-23628564D9CD/Library/Cookies/Cookies.binarycookies
2015-05-04 20:43:07.899 MobileTimeRecording[20276:537181] Apache Cordova native platform version 3.8.0 is starting.
2015-05-04 20:43:07.900 MobileTimeRecording[20276:537181] Multi-tasking -> Device: YES, App: YES
2015-05-04 20:43:07.915 MobileTimeRecording[20276:537181] Unlimited access to network resources
2015-05-04 20:43:07.923 MobileTimeRecording[20276:537181] 

Started backup to iCloud! Please be careful.
Your application might be rejected by Apple if you store too much data.
For more information please read "iOS Data Storage Guidelines" at:
https://developer.apple.com/icloud/documentation/data-storage/
To disable web storage backup to iCloud, set the BackupWebStorage preference to "local" in the Cordova config.xml file

2015-05-04 20:43:08.421 MobileTimeRecording[20276:537181] Resetting plugins due to page load.
2015-05-04 20:43:08.556 MobileTimeRecording[20276:537181] Finished load of: file:///Users/matze/Library/Developer/CoreSimulator/Devices/BEBAFA46-3E23-4469-B057-EC073A97F44C/data/Containers/Bundle/Application/90E3DBF5-38AD-4017-8653-61B311CAEC51/MobileTimeRecording.app/www/index.html
2015-05-04 20:43:08.578 MobileTimeRecording[20276:537181] Initializing SQLitePlugin
2015-05-04 20:43:08.578 MobileTimeRecording[20276:537181] Detected docs path: /Users/matze/Library/Developer/CoreSimulator/Devices/BEBAFA46-3E23-4469-B057-EC073A97F44C/data/Containers/Data/Application/3B400367-5A65-4936-8EEC-23628564D9CD/Documents
2015-05-04 20:43:08.579 MobileTimeRecording[20276:537181] Detected Library path: /Users/matze/Library/Developer/CoreSimulator/Devices/BEBAFA46-3E23-4469-B057-EC073A97F44C/data/Containers/Data/Application/3B400367-5A65-4936-8EEC-23628564D9CD/Library
2015-05-04 20:43:08.579 MobileTimeRecording[20276:537181] no cloud sync at path: /Users/matze/Library/Developer/CoreSimulator/Devices/BEBAFA46-3E23-4469-B057-EC073A97F44C/data/Containers/Data/Application/3B400367-5A65-4936-8EEC-23628564D9CD/Library/LocalDatabase
2015-05-04 20:43:08.579 MobileTimeRecording[20276:537181] open full db path: /Users/matze/Library/Developer/CoreSimulator/Devices/BEBAFA46-3E23-4469-B057-EC073A97F44C/data/Containers/Data/Application/3B400367-5A65-4936-8EEC-23628564D9CD/Library/LocalDatabase/mtr.db
2015-05-04 20:43:08.587 MobileTimeRecording[20276:537181] Good news: SQLite is thread safe!
2015-05-04 20:44:03.950 MobileTimeRecording[20276:537181] Resetting plugins due to page load.
2015-05-04 20:44:04.158 MobileTimeRecording[20276:537181] Finished load of: file:///Users/matze/Library/Developer/CoreSimulator/Devices/BEBAFA46-3E23-4469-B057-EC073A97F44C/data/Containers/Bundle/Application/90E3DBF5-38AD-4017-8653-61B311CAEC51/MobileTimeRecording.app/www/createProject.html
2015-05-04 20:44:04.235 MobileTimeRecording[20276:537181] Reusing existing database connection for db name mtr.db
2015-05-04 20:44:04.236 MobileTimeRecording[20276:537181] Good news: SQLite is thread safe!
2015-05-04 20:44:24.553 MobileTimeRecording[20276:537181] Resetting plugins due to page load.
2015-05-04 20:44:24.617 MobileTimeRecording[20276:537181] Finished load of: file:///Users/matze/Library/Developer/CoreSimulator/Devices/BEBAFA46-3E23-4469-B057-EC073A97F44C/data/Containers/Bundle/Application/90E3DBF5-38AD-4017-8653-61B311CAEC51/MobileTimeRecording.app/www/index.html
2015-05-04 20:44:24.640 MobileTimeRecording[20276:537181] Reusing existing database connection for db name mtr.db
2015-05-04 20:44:24.640 MobileTimeRecording[20276:537181] Good news: SQLite is thread safe!
